INFO:root:created 10000 tasks
INFO:root:created threads: 1
INFO:root:start task 1
INFO:root:created threads: 2
INFO:root:active threads: 3
INFO:root:start task 2
INFO:root:created threads: 3
INFO:root:task 1 will sleep for 0.868 seconds...
INFO:root:created threads: 4
INFO:root:active threads: 5
INFO:root:start task 3
INFO:root:active threads: 7
INFO:root:start task 4
INFO:root:task 2 will sleep for 0.476 seconds...
INFO:root:created threads: 6
INFO:root:task 3 will sleep for 0.700 seconds...
INFO:root:created threads: 5
INFO:root:active threads: 7
INFO:root:created threads: 7
INFO:root:start task 6
INFO:root:active threads: 13
INFO:root:created threads: 9
INFO:root:start task 5
INFO:root:created threads: 10
INFO:root:start task 10
INFO:root:created threads: 11
INFO:root:start task 7
INFO:root:active threads: 13
INFO:root:task 6 will sleep for 0.999 seconds...
INFO:root:created threads: 8
INFO:root:start task 9
INFO:root:active threads: 13
INFO:root:task 4 will sleep for 0.514 seconds...
INFO:root:active threads: 13
INFO:root:start task 11
INFO:root:task 7 will sleep for 0.541 seconds...
INFO:root:created threads: 12
INFO:root:created threads: 13
INFO:root:start task 8
INFO:root:active threads: 14
INFO:root:task 5 will sleep for 0.251 seconds...
INFO:root:created threads: 14
INFO:root:task 10 will sleep for 0.724 seconds...
INFO:root:active threads: 15
INFO:root:created threads: 15
INFO:root:start task 12
INFO:root:created threads: 16
INFO:root:start task 13
INFO:root:active threads: 17
INFO:root:task 8 will sleep for 0.389 seconds...
INFO:root:task 9 will sleep for 0.098 seconds...
INFO:root:created threads: 18
INFO:root:created threads: 19
INFO:root:start task 14
INFO:root:created threads: 20
INFO:root:created threads: 21
INFO:root:task 11 will sleep for 0.092 seconds...
INFO:root:start task 15
INFO:root:active threads: 22
INFO:root:start task 16
INFO:root:created threads: 22
INFO:root:active threads: 23
INFO:root:created threads: 17
INFO:root:start task 17
INFO:root:created threads: 24
INFO:root:start task 24
INFO:root:start task 18
INFO:root:active threads: 25
INFO:root:created threads: 25
INFO:root:start task 20
INFO:root:start task 21
INFO:root:active threads: 28
INFO:root:active threads: 27
INFO:root:task 12 will sleep for 0.138 seconds...
INFO:root:active threads: 27
INFO:root:start task 22
INFO:root:created threads: 27
INFO:root:task 13 will sleep for 0.735 seconds...
INFO:root:created threads: 23
INFO:root:active threads: 28
INFO:root:start task 19
INFO:root:active threads: 28
INFO:root:active threads: 28
INFO:root:task 14 will sleep for 0.834 seconds...
INFO:root:start task 25
INFO:root:active threads: 28
INFO:root:task 21 will sleep for 0.482 seconds...
INFO:root:task 15 will sleep for 0.411 seconds...
INFO:root:created threads: 26
INFO:root:task 16 will sleep for 0.987 seconds...
INFO:root:active threads: 28
INFO:root:task 22 will sleep for 0.240 seconds...
INFO:root:start task 27
INFO:root:start task 23
INFO:root:created threads: 29
INFO:root:start task 29
INFO:root:active threads: 31
INFO:root:task 24 will sleep for 0.934 seconds...
INFO:root:created threads: 30
INFO:root:task 18 will sleep for 0.690 seconds...
INFO:root:created threads: 31
INFO:root:created threads: 32
INFO:root:active threads: 33
INFO:root:task 20 will sleep for 0.589 seconds...
INFO:root:created threads: 33
INFO:root:start task 26
INFO:root:created threads: 28
INFO:root:active threads: 34
INFO:root:created threads: 34
INFO:root:start task 34
INFO:root:active threads: 35
INFO:root:task 17 will sleep for 0.170 seconds...
INFO:root:active threads: 36
INFO:root:task 19 will sleep for 0.513 seconds...
INFO:root:start task 30
INFO:root:created threads: 36
INFO:root:start task 31
INFO:root:start task 32
INFO:root:task 25 will sleep for 0.397 seconds...
INFO:root:start task 33
INFO:root:active threads: 37
INFO:root:task 26 will sleep for 0.377 seconds...
INFO:root:start task 28
INFO:root:active threads: 37
INFO:root:task 34 will sleep for 0.982 seconds...
INFO:root:created threads: 35
INFO:root:task 23 will sleep for 0.142 seconds...
INFO:root:created threads: 38
INFO:root:task 29 will sleep for 0.927 seconds...
INFO:root:created threads: 39
INFO:root:active threads: 40
INFO:root:start task 36
INFO:root:created threads: 40
INFO:root:start task 40
INFO:root:active threads: 41
INFO:root:task 32 will sleep for 0.574 seconds...
INFO:root:active threads: 42
INFO:root:task 27 will sleep for 0.834 seconds...
INFO:root:active threads: 42
INFO:root:task 28 will sleep for 0.727 seconds...
INFO:root:created threads: 37
INFO:root:start task 37
INFO:root:active threads: 47
INFO:root:start task 38
INFO:root:start task 39
INFO:root:active threads: 49
INFO:root:task 30 will sleep for 0.633 seconds...
INFO:root:active threads: 45
INFO:root:active threads: 41
INFO:root:active threads: 45
INFO:root:created threads: 45
INFO:root:created threads: 41
INFO:root:task 33 will sleep for 0.039 seconds...
INFO:root:created threads: 46
INFO:root:start task 46
INFO:root:active threads: 51
INFO:root:task 46 will sleep for 0.070 seconds...
INFO:root:task 37 will sleep for 0.816 seconds...
INFO:root:start task 35
INFO:root:active threads: 48
INFO:root:created threads: 48
INFO:root:task 39 will sleep for 0.484 seconds...
INFO:root:created threads: 44
INFO:root:task 36 will sleep for 0.521 seconds...
INFO:root:created threads: 49
INFO:root:task 31 will sleep for 0.287 seconds...
INFO:root:task 40 will sleep for 0.830 seconds...
INFO:root:created threads: 50
INFO:root:start task 50
INFO:root:active threads: 54
INFO:root:task 50 will sleep for 0.788 seconds...
INFO:root:start task 41
INFO:root:active threads: 51
INFO:root:task 35 will sleep for 0.794 seconds...
INFO:root:created threads: 47
INFO:root:start task 47
INFO:root:task 38 will sleep for 0.249 seconds...
INFO:root:start task 44
INFO:root:created threads: 52
INFO:root:start task 49
INFO:root:active threads: 55
INFO:root:start task 45
INFO:root:created threads: 42
INFO:root:start task 42
INFO:root:active threads: 54
INFO:root:created threads: 51
INFO:root:active threads: 54
INFO:root:start task 48
INFO:root:created threads: 54
INFO:root:active threads: 55
INFO:root:start task 52
INFO:root:task 49 will sleep for 0.625 seconds...
INFO:root:created threads: 53
INFO:root:created threads: 55
INFO:root:active threads: 56
INFO:root:created threads: 56
INFO:root:created threads: 43
INFO:root:end task 11
INFO:root:end task 9
INFO:root:active threads: 57
INFO:root:created threads: 57
INFO:root:task 41 will sleep for 0.407 seconds...
INFO:root:created threads: 58
INFO:root:start task 51
INFO:root:task 47 will sleep for 0.029 seconds...
INFO:root:created threads: 59
INFO:root:active threads: 60
INFO:root:start task 54
INFO:root:active threads: 66
INFO:root:task 44 will sleep for 0.670 seconds...
INFO:root:active threads: 61
INFO:root:start task 53
INFO:root:created threads: 61
INFO:root:start task 55
INFO:root:created threads: 62
INFO:root:start task 62
INFO:root:active threads: 68
INFO:root:start task 56
INFO:root:start task 43
INFO:root:created threads: 63
INFO:root:created threads: 63
INFO:root:task 42 will sleep for 0.457 seconds...
INFO:root:end task 33
INFO:root:start task 57
INFO:root:created threads: 64
INFO:root:start task 58
INFO:root:created threads: 65
INFO:root:active threads: 66
INFO:root:start task 59
INFO:root:task 48 will sleep for 0.584 seconds...
INFO:root:created threads: 60
INFO:root:start task 60
INFO:root:active threads: 73
INFO:root:task 60 will sleep for 0.567 seconds...
INFO:root:active threads: 67
INFO:root:created threads: 67
INFO:root:start task 61
INFO:root:active threads: 68
INFO:root:task 55 will sleep for 0.650 seconds...
INFO:root:task 62 will sleep for 0.113 seconds...
INFO:root:created threads: 63
INFO:root:active threads: 68
INFO:root:active threads: 68
INFO:root:task 43 will sleep for 0.669 seconds...
INFO:root:created threads: 68
INFO:root:start task 70
INFO:root:start task 65
INFO:root:created threads: 69
INFO:root:start task 72
INFO:root:active threads: 71
INFO:root:created threads: 71
INFO:root:start task 66
INFO:root:active threads: 72
INFO:root:start task 67
INFO:root:created threads: 72
INFO:root:task 51 will sleep for 0.445 seconds...
INFO:root:active threads: 73
INFO:root:task 59 will sleep for 0.043 seconds...
INFO:root:task 54 will sleep for 0.433 seconds...
INFO:root:task 52 will sleep for 0.496 seconds...
INFO:root:task 53 will sleep for 0.713 seconds...
INFO:root:end task 46
INFO:root:start task 69
INFO:root:active threads: 73
INFO:root:created threads: 73
INFO:root:task 45 will sleep for 0.193 seconds...
INFO:root:start task 63
INFO:root:active threads: 86
INFO:root:task 63 will sleep for 0.881 seconds...
INFO:root:task 56 will sleep for 0.239 seconds...
INFO:root:end task 12
INFO:root:created threads: 75
INFO:root:start task 64
INFO:root:created threads: 69
INFO:root:active threads: 76
INFO:root:active threads: 76
INFO:root:active threads: 76
INFO:root:task 72 will sleep for 0.031 seconds...
INFO:root:created threads: 70
INFO:root:created threads: 76
INFO:root:start task 74
INFO:root:active threads: 93
INFO:root:active threads: 78
INFO:root:task 58 will sleep for 0.192 seconds...
INFO:root:created threads: 78
INFO:root:active threads: 79
INFO:root:start task 75
INFO:root:active threads: 94
INFO:root:task 75 will sleep for 0.021 seconds...
INFO:root:created threads: 66
INFO:root:created threads: 81
INFO:root:start task 84
INFO:root:active threads: 83
INFO:root:created threads: 82
INFO:root:created threads: 83
INFO:root:task 61 will sleep for 0.269 seconds...
INFO:root:created threads: 84
INFO:root:start task 76
INFO:root:created threads: 85
INFO:root:start task 89
INFO:root:end task 47
INFO:root:created threads: 86
INFO:root:created threads: 87
INFO:root:created threads: 87
INFO:root:start task 78
INFO:root:created threads: 88
INFO:root:active threads: 89
INFO:root:created threads: 89
INFO:root:start task 71
INFO:root:task 70 will sleep for 0.041 seconds...
INFO:root:created threads: 90
INFO:root:task 65 will sleep for 0.774 seconds...
INFO:root:start task 73
INFO:root:task 57 will sleep for 0.158 seconds...
INFO:root:created threads: 91
INFO:root:start task 79
INFO:root:active threads: 109
INFO:root:task 74 will sleep for 0.967 seconds...
INFO:root:created threads: 77
INFO:root:task 66 will sleep for 0.226 seconds...
INFO:root:start task 81
INFO:root:created threads: 93
INFO:root:task 67 will sleep for 0.990 seconds...
INFO:root:end task 23
INFO:root:created threads: 80
INFO:root:created threads: 79
INFO:root:start task 68
INFO:root:active threads: 95
INFO:root:task 84 will sleep for 0.262 seconds...
INFO:root:created threads: 82
INFO:root:task 69 will sleep for 0.140 seconds...
INFO:root:start task 86
INFO:root:start task 87
INFO:root:start task 88
INFO:root:created threads: 95
INFO:root:active threads: 96
INFO:root:task 76 will sleep for 0.372 seconds...
INFO:root:active threads: 97
INFO:root:created threads: 74
INFO:root:created threads: 97
INFO:root:start task 102
INFO:root:start task 90
INFO:root:created threads: 97
INFO:root:end task 17
INFO:root:start task 91
INFO:root:created threads: 98
INFO:root:start task 92
INFO:root:created threads: 99
INFO:root:created threads: 100
INFO:root:active threads: 101
INFO:root:created threads: 101
INFO:root:start task 93
INFO:root:end task 75
INFO:root:task 64 will sleep for 0.254 seconds...
INFO:root:end task 72
INFO:root:start task 94
INFO:root:created threads: 102
INFO:root:created threads: 103
INFO:root:active threads: 104
INFO:root:created threads: 104
INFO:root:start task 95
INFO:root:created threads: 105
INFO:root:start task 111
INFO:root:active threads: 133
INFO:root:created threads: 107
INFO:root:start task 96
INFO:root:created threads: 108
INFO:root:task 79 will sleep for 0.406 seconds...
INFO:root:created threads: 92
INFO:root:start task 80
INFO:root:created threads: 109
INFO:root:start task 115
INFO:root:active threads: 110
INFO:root:task 81 will sleep for 0.510 seconds...
INFO:root:start task 98
INFO:root:created threads: 111
INFO:root:created threads: 111
INFO:root:start task 83
INFO:root:start task 82
INFO:root:active threads: 112
INFO:root:start task 85
INFO:root:active threads: 142
INFO:root:active threads: 112
INFO:root:created threads: 112
INFO:root:active threads: 113
INFO:root:created threads: 113
INFO:root:active threads: 114
INFO:root:created threads: 114
INFO:root:start task 100
INFO:root:created threads: 115
INFO:root:created threads: 96
INFO:root:task 89 will sleep for 0.511 seconds...
INFO:root:created threads: 116
INFO:root:created threads: 117
INFO:root:start task 77
INFO:root:created threads: 118
INFO:root:end task 59
INFO:root:active threads: 119
INFO:root:active threads: 119
INFO:root:created threads: 119
INFO:root:end task 62
INFO:root:end task 22
INFO:root:start task 103
INFO:root:active threads: 150
INFO:root:created threads: 120
INFO:root:created threads: 120
INFO:root:active threads: 121
INFO:root:created threads: 121
INFO:root:start task 104
INFO:root:created threads: 122
INFO:root:active threads: 123
INFO:root:task 92 will sleep for 0.862 seconds...
INFO:root:start task 105
INFO:root:created threads: 124
INFO:root:start task 132
INFO:root:created threads: 125
INFO:root:task 78 will sleep for 0.028 seconds...
INFO:root:created threads: 126
INFO:root:start task 107
INFO:root:created threads: 127
INFO:root:active threads: 128
INFO:root:task 93 will sleep for 0.872 seconds...
INFO:root:created threads: 128
INFO:root:created threads: 129
INFO:root:created threads: 129
INFO:root:created threads: 130
INFO:root:active threads: 131
INFO:root:start task 108
INFO:root:created threads: 131
INFO:root:start task 109
INFO:root:task 71 will sleep for 0.096 seconds...
INFO:root:start task 110
INFO:root:active threads: 132
INFO:root:created threads: 132
INFO:root:created threads: 106
INFO:root:active threads: 106
INFO:root:task 111 will sleep for 0.457 seconds...
INFO:root:start task 113
INFO:root:created threads: 133
INFO:root:active threads: 134
INFO:root:created threads: 134
INFO:root:start task 114
INFO:root:start task 97
INFO:root:created threads: 135
INFO:root:active threads: 136
INFO:root:created threads: 136
INFO:root:end task 5
INFO:root:active threads: 137
INFO:root:created threads: 110
INFO:root:active threads: 137
INFO:root:start task 117
INFO:root:created threads: 137
INFO:root:start task 118
INFO:root:created threads: 138
INFO:root:active threads: 139
INFO:root:task 83 will sleep for 0.501 seconds...
INFO:root:active threads: 140
INFO:root:task 82 will sleep for 0.850 seconds...
INFO:root:task 68 will sleep for 0.886 seconds...
INFO:root:created threads: 141
INFO:root:created threads: 94
INFO:root:created threads: 142
INFO:root:task 85 will sleep for 0.977 seconds...
INFO:root:end task 38
INFO:root:task 86 will sleep for 0.288 seconds...
INFO:root:created threads: 143
INFO:root:start task 119
INFO:root:created threads: 144
INFO:root:task 87 will sleep for 0.760 seconds...
INFO:root:created threads: 145
INFO:root:start task 120
INFO:root:active threads: 174
INFO:root:task 88 will sleep for 0.299 seconds...
INFO:root:created threads: 147
INFO:root:active threads: 148
INFO:root:created threads: 148
INFO:root:created threads: 149
INFO:root:active threads: 150
INFO:root:created threads: 150
INFO:root:task 102 will sleep for 0.959 seconds...
INFO:root:task 90 will sleep for 0.841 seconds...
INFO:root:created threads: 150
INFO:root:created threads: 150
INFO:root:task 103 will sleep for 0.282 seconds...
INFO:root:end task 70
INFO:root:created threads: 150
INFO:root:task 91 will sleep for 0.563 seconds...
INFO:root:active threads: 151
INFO:root:created threads: 123
INFO:root:active threads: 151
INFO:root:end task 31
INFO:root:end task 45
INFO:root:created threads: 151
INFO:root:created threads: 152
INFO:root:start task 122
INFO:root:start task 106
INFO:root:active threads: 153
INFO:root:created threads: 153
INFO:root:active threads: 154
INFO:root:created threads: 154
INFO:root:created threads: 128
INFO:root:end task 8
INFO:root:task 94 will sleep for 0.028 seconds...
INFO:root:start task 101
INFO:root:created threads: 155
INFO:root:active threads: 156
INFO:root:end task 58
INFO:root:start task 123
INFO:root:end task 69
INFO:root:end task 57
INFO:root:start task 125
INFO:root:created threads: 156
INFO:root:start task 124
INFO:root:created threads: 157
INFO:root:active threads: 158
INFO:root:active threads: 158
INFO:root:created threads: 158
INFO:root:task 95 will sleep for 0.633 seconds...
INFO:root:created threads: 159
INFO:root:task 73 will sleep for 0.020 seconds...
INFO:root:created threads: 160
INFO:root:start task 173
INFO:root:active threads: 161
INFO:root:task 113 will sleep for 0.526 seconds...
INFO:root:task 96 will sleep for 0.989 seconds...
INFO:root:start task 126
INFO:root:created threads: 162
INFO:root:created threads: 163
INFO:root:active threads: 164
INFO:root:created threads: 164
INFO:root:start task 177
INFO:root:active threads: 165
INFO:root:created threads: 166
INFO:root:task 80 will sleep for 0.806 seconds...
INFO:root:end task 56
INFO:root:created threads: 167
INFO:root:start task 127
INFO:root:task 115 will sleep for 0.580 seconds...
INFO:root:task 98 will sleep for 0.767 seconds...
INFO:root:active threads: 167
INFO:root:created threads: 167
INFO:root:end task 26
INFO:root:start task 147
INFO:root:created threads: 168
INFO:root:active threads: 169
INFO:root:created threads: 169
INFO:root:created threads: 139
INFO:root:created threads: 140
INFO:root:created threads: 170
INFO:root:end task 15
INFO:root:start task 99
INFO:root:created threads: 171
INFO:root:created threads: 172
INFO:root:active threads: 172
INFO:root:task 119 will sleep for 0.535 seconds...
INFO:root:end task 2
INFO:root:start task 130
INFO:root:created threads: 173
INFO:root:end task 25
INFO:root:created threads: 146
INFO:root:task 120 will sleep for 0.590 seconds...
INFO:root:start task 133
INFO:root:task 100 will sleep for 0.325 seconds...
INFO:root:task 77 will sleep for 0.654 seconds...
INFO:root:created threads: 174
INFO:root:created threads: 174
INFO:root:task 104 will sleep for 0.050 seconds...
INFO:root:task 105 will sleep for 0.179 seconds...
INFO:root:created threads: 175
INFO:root:active threads: 174
INFO:root:created threads: 174
INFO:root:end task 66
INFO:root:active threads: 175
INFO:root:task 106 will sleep for 0.873 seconds...
INFO:root:start task 121
INFO:root:task 132 will sleep for 0.601 seconds...
INFO:root:created threads: 176
INFO:root:created threads: 177
INFO:root:task 107 will sleep for 0.272 seconds...
INFO:root:created threads: 178
INFO:root:end task 61
INFO:root:start task 167
INFO:root:created threads: 178
INFO:root:active threads: 179
INFO:root:created threads: 179
INFO:root:task 108 will sleep for 0.224 seconds...
INFO:root:active threads: 179
INFO:root:task 123 will sleep for 0.155 seconds...
INFO:root:active threads: 178
INFO:root:task 125 will sleep for 0.575 seconds...
INFO:root:created threads: 178
INFO:root:active threads: 180
INFO:root:created threads: 180
INFO:root:end task 4
INFO:root:end task 71
INFO:root:start task 135
INFO:root:created threads: 181
INFO:root:task 109 will sleep for 0.369 seconds...
INFO:root:start task 137
INFO:root:created threads: 182
INFO:root:task 110 will sleep for 0.854 seconds...
INFO:root:created threads: 183
INFO:root:created threads: 184
INFO:root:created threads: 185
INFO:root:end task 94
INFO:root:created threads: 161
INFO:root:active threads: 186
INFO:root:end task 21
INFO:root:start task 139
INFO:root:active threads: 217
INFO:root:end task 78
INFO:root:end task 84
INFO:root:start task 140
INFO:root:created threads: 187
INFO:root:created threads: 188
INFO:root:active threads: 189
INFO:root:created threads: 189
INFO:root:created threads: 190
INFO:root:created threads: 191
INFO:root:task 114 will sleep for 0.378 seconds...
INFO:root:end task 7
INFO:root:end task 41
INFO:root:created threads: 165
INFO:root:active threads: 192
INFO:root:start task 142
INFO:root:end task 73
INFO:root:start task 112
INFO:root:created threads: 192
INFO:root:start task 214
INFO:root:created threads: 193
INFO:root:created threads: 194
INFO:root:created threads: 195
INFO:root:created threads: 195
INFO:root:active threads: 196
INFO:root:task 127 will sleep for 0.262 seconds...
INFO:root:created threads: 197
INFO:root:task 117 will sleep for 0.458 seconds...
INFO:root:end task 64
INFO:root:start task 181
INFO:root:created threads: 198
INFO:root:active threads: 198
INFO:root:task 147 will sleep for 0.467 seconds...
INFO:root:task 118 will sleep for 0.058 seconds...
INFO:root:created threads: 199
INFO:root:created threads: 200
INFO:root:active threads: 200
INFO:root:end task 19
INFO:root:start task 144
INFO:root:created threads: 200
INFO:root:created threads: 201
INFO:root:created threads: 202
INFO:root:end task 39
INFO:root:start task 145
INFO:root:active threads: 230
INFO:root:task 145 will sleep for 0.104 seconds...
INFO:root:created threads: 172
INFO:root:created threads: 203
INFO:root:created threads: 204
INFO:root:active threads: 204
INFO:root:created threads: 204
INFO:root:created threads: 205
INFO:root:task 122 will sleep for 0.575 seconds...
INFO:root:created threads: 206
INFO:root:created threads: 207
INFO:root:created threads: 207
INFO:root:created threads: 175
INFO:root:active threads: 208
INFO:root:created threads: 208
INFO:root:end task 42
INFO:root:start task 146
INFO:root:created threads: 209
INFO:root:created threads: 210
INFO:root:created threads: 211
INFO:root:created threads: 212
INFO:root:end task 36
INFO:root:created threads: 212
INFO:root:active threads: 213
INFO:root:end task 54
INFO:root:start task 128
INFO:root:start task 197
INFO:root:task 101 will sleep for 0.856 seconds...
INFO:root:created threads: 213
INFO:root:created threads: 177
INFO:root:end task 51
INFO:root:created threads: 179
INFO:root:start task 148
INFO:root:created threads: 214
INFO:root:task 124 will sleep for 0.586 seconds...
INFO:root:created threads: 214
INFO:root:active threads: 214
INFO:root:created threads: 214
INFO:root:active threads: 215
INFO:root:end task 20
INFO:root:start task 151
INFO:root:created threads: 215
INFO:root:end task 104
INFO:root:start task 129
INFO:root:created threads: 215
INFO:root:end task 76
INFO:root:start task 174
INFO:root:task 173 will sleep for 0.599 seconds...
INFO:root:end task 32
INFO:root:start task 153
INFO:root:created threads: 216
INFO:root:created threads: 216
INFO:root:created threads: 186
INFO:root:task 139 will sleep for 0.569 seconds...
INFO:root:active threads: 215
INFO:root:created threads: 215
INFO:root:task 126 will sleep for 0.258 seconds...
INFO:root:created threads: 216
INFO:root:created threads: 217
INFO:root:created threads: 218
INFO:root:created threads: 219
INFO:root:start task 254
INFO:root:created threads: 219
INFO:root:task 177 will sleep for 0.711 seconds...
INFO:root:created threads: 220
INFO:root:active threads: 221
INFO:root:active threads: 220
INFO:root:end task 52
INFO:root:task 97 will sleep for 0.354 seconds...
INFO:root:active threads: 220
INFO:root:end task 3
INFO:root:start task 215
INFO:root:created threads: 220
INFO:root:created threads: 221
INFO:root:created threads: 222
INFO:root:created threads: 196
INFO:root:created threads: 223
INFO:root:created threads: 224
INFO:root:active threads: 224
Traceback (most recent call last):
INFO:root:created threads: 198
  File "/home/lars/work/sfp_lessions/lession_04/./sema.py", line 54, in <module>
INFO:root:created threads: 224
    main()
  File "/home/lars/work/sfp_lessions/lession_04/./sema.py", line 9, in main
INFO:root:created threads: 225
    run_tasks(10000, 100)
  File "/home/lars/work/sfp_lessions/lession_04/./sema.py", line 43, in run_tasks
INFO:root:created threads: 226
INFO:root:task 99 will sleep for 0.100 seconds...
INFO:root:active threads: 227
INFO:root:task 144 will sleep for 0.345 seconds...
    task.start()
  File "/usr/lib/python3.9/threading.py", line 874, in start
INFO:root:created threads: 227
    _start_new_thread(self._bootstrap, ())
RuntimeError: can't start new thread
INFO:root:created threads: 228
INFO:root:end task 30
INFO:root:start task 227
INFO:root:created threads: 229
INFO:root:created threads: 229
INFO:root:active threads: 203
INFO:root:created threads: 203
INFO:root:created threads: 230
INFO:root:end task 60
INFO:root:created threads: 231
INFO:root:start task 158
INFO:root:end task 10
INFO:root:start task 229
INFO:root:task 133 will sleep for 0.342 seconds...
INFO:root:created threads: 232
INFO:root:end task 79
INFO:root:start task 160
INFO:root:created threads: 233
INFO:root:end task 18
INFO:root:created threads: 234
INFO:root:start task 235
INFO:root:created threads: 235
INFO:root:end task 48
INFO:root:created threads: 236
INFO:root:task 121 will sleep for 0.257 seconds...
INFO:root:end task 86
INFO:root:start task 236
INFO:root:end task 49
INFO:root:created threads: 237
INFO:root:start task 163
INFO:root:start task 162
INFO:root:active threads: 237
INFO:root:created threads: 237
INFO:root:end task 103
INFO:root:start task 164
INFO:root:created threads: 237
INFO:root:task 167 will sleep for 0.177 seconds...
INFO:root:active threads: 237
INFO:root:created threads: 237
INFO:root:end task 118
INFO:root:start task 165
INFO:root:end task 88
INFO:root:active threads: 238
INFO:root:start task 166
INFO:root:end task 13
INFO:root:start task 242
INFO:root:created threads: 238
INFO:root:created threads: 238
INFO:root:active threads: 239
INFO:root:end task 105
INFO:root:start task 244
INFO:root:task 135 will sleep for 0.817 seconds...
INFO:root:created threads: 239
INFO:root:task 137 will sleep for 0.870 seconds...
INFO:root:active threads: 239
INFO:root:task 151 will sleep for 0.360 seconds...
INFO:root:created threads: 239
INFO:root:start task 168
INFO:root:active threads: 239
INFO:root:created threads: 239
INFO:root:active threads: 239
INFO:root:created threads: 239
INFO:root:created threads: 239
INFO:root:active threads: 240
INFO:root:task 140 will sleep for 0.998 seconds...
INFO:root:created threads: 240
INFO:root:end task 28
INFO:root:created threads: 219
INFO:root:active threads: 241
INFO:root:end task 44
INFO:root:start task 170
INFO:root:created threads: 241
INFO:root:created threads: 242
INFO:root:end task 55
INFO:root:start task 171
INFO:root:created threads: 243
INFO:root:task 142 will sleep for 0.572 seconds...
INFO:root:created threads: 244
INFO:root:task 112 will sleep for 0.484 seconds...
INFO:root:created threads: 244
INFO:root:task 214 will sleep for 0.688 seconds...
INFO:root:created threads: 244
INFO:root:active threads: 245
INFO:root:created threads: 245
INFO:root:end task 145
INFO:root:start task 262
INFO:root:created threads: 246
INFO:root:task 181 will sleep for 0.205 seconds...
INFO:root:created threads: 226
INFO:root:end task 43
INFO:root:start task 138
INFO:root:end task 1
INFO:root:end task 81
INFO:root:active threads: 245
INFO:root:start task 175
INFO:root:start task 176
INFO:root:task 130 will sleep for 0.644 seconds...
INFO:root:active threads: 244
INFO:root:end task 108
INFO:root:start task 141
INFO:root:active threads: 243
INFO:root:active threads: 242
INFO:root:active threads: 241
INFO:root:active threads: 239
INFO:root:active threads: 238
INFO:root:end task 14
INFO:root:active threads: 238
INFO:root:task 162 will sleep for 0.811 seconds...
INFO:root:start task 179
INFO:root:active threads: 237
INFO:root:end task 111
INFO:root:end task 89
INFO:root:start task 180
INFO:root:start task 143
INFO:root:task 128 will sleep for 0.930 seconds...
INFO:root:active threads: 236
INFO:root:task 197 will sleep for 0.930 seconds...
INFO:root:active threads: 235
INFO:root:end task 50
INFO:root:start task 189
INFO:root:active threads: 234
INFO:root:end task 107
INFO:root:start task 183
INFO:root:task 148 will sleep for 0.940 seconds...
INFO:root:active threads: 233
INFO:root:end task 35
INFO:root:start task 284
INFO:root:end task 123
INFO:root:active threads: 233
INFO:root:end task 53
INFO:root:task 129 will sleep for 0.936 seconds...
INFO:root:start task 150
INFO:root:task 174 will sleep for 0.703 seconds...
INFO:root:task 153 will sleep for 0.867 seconds...
INFO:root:task 254 will sleep for 0.480 seconds...
INFO:root:active threads: 231
INFO:root:end task 37
INFO:root:start task 184
INFO:root:active threads: 230
INFO:root:end task 27
INFO:root:start task 185
INFO:root:task 215 will sleep for 0.379 seconds...
INFO:root:active threads: 229
INFO:root:end task 100
INFO:root:start task 297
INFO:root:active threads: 228
INFO:root:task 227 will sleep for 0.157 seconds...
INFO:root:active threads: 226
INFO:root:active threads: 226
INFO:root:end task 40
INFO:root:start task 188
INFO:root:task 158 will sleep for 0.479 seconds...
INFO:root:active threads: 225
INFO:root:task 229 will sleep for 0.053 seconds...
INFO:root:task 160 will sleep for 0.755 seconds...
INFO:root:task 235 will sleep for 0.501 seconds...
INFO:root:task 236 will sleep for 0.439 seconds...
INFO:root:task 163 will sleep for 0.845 seconds...
INFO:root:task 146 will sleep for 0.587 seconds...
INFO:root:end task 99
INFO:root:active threads: 224
INFO:root:start task 156
INFO:root:task 164 will sleep for 0.735 seconds...
INFO:root:active threads: 222
INFO:root:active threads: 222
INFO:root:task 143 will sleep for 0.967 seconds...
INFO:root:task 165 will sleep for 0.193 seconds...
INFO:root:end task 83
INFO:root:start task 182
INFO:root:active threads: 221
INFO:root:task 242 will sleep for 0.467 seconds...
INFO:root:active threads: 220
INFO:root:task 183 will sleep for 0.690 seconds...
INFO:root:active threads: 219
INFO:root:task 168 will sleep for 0.656 seconds...
INFO:root:end task 127
INFO:root:start task 190
INFO:root:active threads: 217
INFO:root:task 170 will sleep for 0.670 seconds...
INFO:root:active threads: 216
INFO:root:task 171 will sleep for 0.919 seconds...
INFO:root:active threads: 215
INFO:root:task 262 will sleep for 0.653 seconds...
INFO:root:active threads: 214
INFO:root:task 138 will sleep for 0.335 seconds...
INFO:root:task 175 will sleep for 0.979 seconds...
INFO:root:task 176 will sleep for 0.820 seconds...
INFO:root:active threads: 213
INFO:root:end task 24
INFO:root:start task 191
INFO:root:task 141 will sleep for 0.767 seconds...
INFO:root:task 179 will sleep for 0.978 seconds...
INFO:root:active threads: 212
INFO:root:task 180 will sleep for 0.451 seconds...
INFO:root:task 166 will sleep for 0.870 seconds...
INFO:root:active threads: 211
INFO:root:end task 6
INFO:root:task 189 will sleep for 0.168 seconds...
INFO:root:start task 192
INFO:root:task 244 will sleep for 0.534 seconds...
INFO:root:task 284 will sleep for 0.904 seconds...
INFO:root:active threads: 210
INFO:root:task 190 will sleep for 0.993 seconds...
INFO:root:task 184 will sleep for 0.613 seconds...
INFO:root:task 185 will sleep for 0.917 seconds...
INFO:root:end task 29
INFO:root:start task 194
INFO:root:task 297 will sleep for 0.048 seconds...
INFO:root:task 188 will sleep for 0.654 seconds...
INFO:root:active threads: 209
INFO:root:task 156 will sleep for 0.524 seconds...
INFO:root:task 182 will sleep for 0.491 seconds...
INFO:root:active threads: 208
INFO:root:task 150 will sleep for 0.507 seconds...
INFO:root:end task 109
INFO:root:start task 195
INFO:root:active threads: 207
INFO:root:task 194 will sleep for 0.439 seconds...
INFO:root:task 192 will sleep for 0.528 seconds...
INFO:root:active threads: 206
INFO:root:task 191 will sleep for 0.470 seconds...
INFO:root:task 195 will sleep for 0.412 seconds...
INFO:root:end task 65
INFO:root:start task 196
INFO:root:active threads: 205
INFO:root:task 196 will sleep for 0.981 seconds...
INFO:root:end task 16
INFO:root:start task 116
INFO:root:active threads: 204
INFO:root:task 116 will sleep for 0.034 seconds...
INFO:root:end task 229
INFO:root:start task 198
INFO:root:end task 91
INFO:root:start task 200
INFO:root:active threads: 203
INFO:root:active threads: 202
INFO:root:task 198 will sleep for 0.782 seconds...
INFO:root:task 200 will sleep for 0.391 seconds...
INFO:root:end task 114
INFO:root:start task 202
INFO:root:active threads: 201
INFO:root:task 202 will sleep for 0.640 seconds...
INFO:root:end task 34
INFO:root:start task 203
INFO:root:active threads: 200
INFO:root:task 203 will sleep for 0.268 seconds...
INFO:root:end task 113
INFO:root:start task 204
INFO:root:active threads: 199
INFO:root:task 204 will sleep for 0.433 seconds...
INFO:root:end task 167
INFO:root:start task 205
INFO:root:active threads: 198
INFO:root:task 205 will sleep for 0.834 seconds...
INFO:root:end task 297
INFO:root:start task 206
INFO:root:active threads: 197
INFO:root:task 206 will sleep for 0.278 seconds...
INFO:root:end task 126
INFO:root:start task 207
INFO:root:active threads: 196
INFO:root:end task 116
INFO:root:start task 152
INFO:root:task 207 will sleep for 0.693 seconds...
INFO:root:active threads: 195
INFO:root:task 152 will sleep for 0.626 seconds...
INFO:root:end task 63
INFO:root:start task 209
INFO:root:active threads: 194
INFO:root:task 209 will sleep for 0.128 seconds...
INFO:root:end task 119
INFO:root:start task 210
INFO:root:active threads: 193
INFO:root:task 210 will sleep for 0.864 seconds...
INFO:root:end task 121
INFO:root:start task 211
INFO:root:active threads: 192
INFO:root:task 211 will sleep for 0.229 seconds...
INFO:root:end task 181
INFO:root:start task 212
INFO:root:active threads: 191
INFO:root:task 212 will sleep for 0.075 seconds...
INFO:root:end task 227
INFO:root:start task 213
INFO:root:active threads: 190
INFO:root:end task 115
INFO:root:task 213 will sleep for 0.051 seconds...
INFO:root:start task 178
INFO:root:active threads: 189
INFO:root:task 178 will sleep for 0.950 seconds...
INFO:root:end task 95
INFO:root:start task 154
INFO:root:active threads: 188
INFO:root:task 154 will sleep for 0.886 seconds...
INFO:root:end task 117
INFO:root:start task 155
INFO:root:active threads: 187
INFO:root:task 155 will sleep for 0.470 seconds...
INFO:root:end task 147
INFO:root:start task 216
INFO:root:active threads: 186
INFO:root:task 216 will sleep for 0.527 seconds...
INFO:root:end task 189
INFO:root:start task 217
INFO:root:active threads: 185
INFO:root:end task 120
INFO:root:task 217 will sleep for 0.308 seconds...
INFO:root:end task 97
INFO:root:start task 218
INFO:root:active threads: 183
INFO:root:task 218 will sleep for 0.480 seconds...
INFO:root:start task 220
INFO:root:active threads: 183
INFO:root:task 220 will sleep for 0.051 seconds...
INFO:root:end task 165
INFO:root:start task 221
INFO:root:active threads: 182
INFO:root:task 221 will sleep for 0.371 seconds...
INFO:root:end task 144
INFO:root:start task 223
INFO:root:active threads: 181
INFO:root:task 223 will sleep for 0.753 seconds...
INFO:root:end task 213
INFO:root:end task 133
INFO:root:start task 225
INFO:root:active threads: 179
INFO:root:task 225 will sleep for 0.154 seconds...
INFO:root:start task 224
INFO:root:active threads: 179
INFO:root:task 224 will sleep for 0.613 seconds...
INFO:root:end task 125
INFO:root:end task 212
INFO:root:start task 157
INFO:root:active threads: 177
INFO:root:task 157 will sleep for 0.857 seconds...
INFO:root:end task 132
INFO:root:end task 209
INFO:root:start task 226
INFO:root:active threads: 175
INFO:root:task 226 will sleep for 0.394 seconds...
INFO:root:start task 159
INFO:root:active threads: 175
INFO:root:task 159 will sleep for 0.637 seconds...
INFO:root:end task 74
INFO:root:start task 187
INFO:root:start task 230
INFO:root:active threads: 174
INFO:root:active threads: 174
INFO:root:task 187 will sleep for 0.603 seconds...
INFO:root:task 230 will sleep for 0.177 seconds...
INFO:root:end task 87
INFO:root:start task 231
INFO:root:active threads: 173
INFO:root:task 231 will sleep for 0.176 seconds...
INFO:root:end task 220
INFO:root:start task 232
INFO:root:active threads: 172
INFO:root:task 232 will sleep for 0.214 seconds...
INFO:root:end task 67
INFO:root:start task 233
INFO:root:active threads: 171
INFO:root:task 233 will sleep for 0.845 seconds...
INFO:root:end task 92
INFO:root:end task 77
INFO:root:start task 161
INFO:root:start task 234
INFO:root:active threads: 169
INFO:root:end task 151
INFO:root:start task 193
INFO:root:active threads: 169
INFO:root:task 161 will sleep for 0.942 seconds...
INFO:root:active threads: 168
INFO:root:task 234 will sleep for 0.958 seconds...
INFO:root:task 193 will sleep for 0.127 seconds...
INFO:root:end task 93
INFO:root:start task 131
INFO:root:active threads: 167
INFO:root:task 131 will sleep for 0.310 seconds...
INFO:root:end task 82
INFO:root:start task 237
INFO:root:active threads: 166
INFO:root:task 237 will sleep for 0.362 seconds...
INFO:root:end task 90
INFO:root:start task 238
INFO:root:active threads: 165
INFO:root:task 238 will sleep for 0.772 seconds...
INFO:root:end task 122
INFO:root:start task 239
INFO:root:active threads: 164
INFO:root:task 239 will sleep for 0.252 seconds...
INFO:root:end task 203
INFO:root:start task 240
INFO:root:active threads: 163
INFO:root:task 240 will sleep for 0.377 seconds...
INFO:root:end task 98
INFO:root:start task 241
INFO:root:active threads: 162
INFO:root:task 241 will sleep for 0.764 seconds...
INFO:root:end task 138
INFO:root:start task 136
INFO:root:active threads: 161
INFO:root:task 136 will sleep for 0.969 seconds...
INFO:root:end task 68
INFO:root:start task 199
INFO:root:active threads: 160
INFO:root:task 199 will sleep for 0.274 seconds...
INFO:root:end task 206
INFO:root:start task 201
INFO:root:active threads: 159
INFO:root:task 201 will sleep for 0.974 seconds...
INFO:root:end task 215
INFO:root:start task 243
INFO:root:active threads: 158
INFO:root:task 243 will sleep for 0.813 seconds...
INFO:root:end task 80
INFO:root:end task 211
INFO:root:start task 134
INFO:root:end task 225
INFO:root:start task 245
INFO:root:start task 246
INFO:root:active threads: 156
INFO:root:active threads: 155
INFO:root:active threads: 155
INFO:root:end task 124
INFO:root:task 134 will sleep for 0.619 seconds...
INFO:root:start task 247
INFO:root:task 245 will sleep for 0.116 seconds...
INFO:root:task 246 will sleep for 0.049 seconds...
INFO:root:active threads: 154
INFO:root:task 247 will sleep for 0.971 seconds...
INFO:root:end task 139
INFO:root:start task 248
INFO:root:active threads: 153
INFO:root:task 248 will sleep for 0.605 seconds...
INFO:root:end task 193
INFO:root:start task 249
INFO:root:end task 173
INFO:root:start task 208
INFO:root:active threads: 152
INFO:root:active threads: 151
INFO:root:task 249 will sleep for 0.925 seconds...
INFO:root:end task 112
INFO:root:task 208 will sleep for 0.219 seconds...
INFO:root:start task 250
INFO:root:active threads: 150
INFO:root:task 250 will sleep for 0.375 seconds...
INFO:root:end task 230
INFO:root:start task 251
INFO:root:active threads: 149
INFO:root:end task 231
INFO:root:task 251 will sleep for 0.048 seconds...
INFO:root:start task 252
INFO:root:active threads: 148
INFO:root:task 252 will sleep for 0.373 seconds...
INFO:root:end task 246
INFO:root:start task 253
INFO:root:active threads: 147
INFO:root:task 253 will sleep for 0.403 seconds...
INFO:root:end task 236
INFO:root:start task 169
INFO:root:active threads: 146
INFO:root:task 169 will sleep for 0.084 seconds...
INFO:root:end task 102
INFO:root:start task 256
INFO:root:active threads: 145
INFO:root:task 256 will sleep for 0.265 seconds...
INFO:root:end task 195
INFO:root:start task 257
INFO:root:active threads: 144
INFO:root:task 257 will sleep for 0.476 seconds...
INFO:root:end task 85
INFO:root:start task 258
INFO:root:active threads: 143
INFO:root:task 258 will sleep for 0.563 seconds...
INFO:root:end task 200
INFO:root:start task 259
INFO:root:active threads: 142
INFO:root:task 259 will sleep for 0.344 seconds...
INFO:root:end task 254
INFO:root:start task 260
INFO:root:active threads: 141
INFO:root:task 260 will sleep for 0.291 seconds...
INFO:root:end task 232
INFO:root:start task 219
INFO:root:end task 180
INFO:root:start task 222
INFO:root:end task 194
INFO:root:start task 172
INFO:root:active threads: 140
INFO:root:end task 242
INFO:root:end task 251
INFO:root:start task 261
INFO:root:active threads: 139
INFO:root:start task 263
INFO:root:active threads: 138
INFO:root:task 219 will sleep for 0.607 seconds...
INFO:root:end task 158
INFO:root:start task 264
INFO:root:active threads: 136
INFO:root:task 222 will sleep for 0.918 seconds...
INFO:root:active threads: 136
INFO:root:task 263 will sleep for 0.982 seconds...
INFO:root:active threads: 135
INFO:root:task 261 will sleep for 0.036 seconds...
INFO:root:task 264 will sleep for 0.736 seconds...
INFO:root:task 172 will sleep for 0.958 seconds...
INFO:root:end task 106
INFO:root:start task 265
INFO:root:active threads: 134
INFO:root:task 265 will sleep for 0.549 seconds...
INFO:root:end task 235
INFO:root:start task 267
INFO:root:active threads: 133
INFO:root:task 267 will sleep for 0.501 seconds...
INFO:root:end task 245
INFO:root:start task 268
INFO:root:active threads: 132
INFO:root:end task 142
INFO:root:end task 191
INFO:root:end task 217
INFO:root:task 268 will sleep for 0.886 seconds...
INFO:root:start task 269
INFO:root:end task 204
INFO:root:start task 270
INFO:root:start task 228
INFO:root:active threads: 128
INFO:root:active threads: 129
INFO:root:active threads: 128
INFO:root:task 270 will sleep for 0.387 seconds...
INFO:root:task 228 will sleep for 0.771 seconds...
INFO:root:task 269 will sleep for 0.997 seconds...
INFO:root:end task 110
INFO:root:start task 272
INFO:root:start task 271
INFO:root:active threads: 127
INFO:root:active threads: 127
INFO:root:task 272 will sleep for 0.328 seconds...
INFO:root:end task 182
INFO:root:task 271 will sleep for 0.721 seconds...
INFO:root:start task 273
INFO:root:active threads: 126
INFO:root:task 273 will sleep for 0.121 seconds...
INFO:root:end task 169
INFO:root:start task 274
INFO:root:end task 261
INFO:root:start task 275
INFO:root:active threads: 125
INFO:root:active threads: 124
INFO:root:task 274 will sleep for 0.901 seconds...
INFO:root:task 275 will sleep for 0.082 seconds...
INFO:root:end task 96
INFO:root:start task 276
INFO:root:active threads: 123
INFO:root:task 276 will sleep for 0.795 seconds...
INFO:root:end task 150
INFO:root:start task 277
INFO:root:active threads: 122
INFO:root:task 277 will sleep for 0.703 seconds...
INFO:root:end task 177
INFO:root:start task 278
INFO:root:active threads: 121
INFO:root:task 278 will sleep for 0.916 seconds...
INFO:root:end task 156
INFO:root:start task 279
INFO:root:active threads: 120
INFO:root:task 279 will sleep for 0.884 seconds...
INFO:root:end task 244
INFO:root:start task 280
INFO:root:active threads: 119
INFO:root:task 280 will sleep for 0.038 seconds...
INFO:root:end task 192
INFO:root:start task 281
INFO:root:active threads: 118
INFO:root:task 281 will sleep for 0.476 seconds...
INFO:root:end task 221
INFO:root:start task 282
INFO:root:active threads: 117
INFO:root:task 282 will sleep for 0.992 seconds...
INFO:root:end task 239
INFO:root:start task 283
INFO:root:active threads: 116
INFO:root:task 283 will sleep for 0.019 seconds...
INFO:root:end task 146
INFO:root:start task 149
INFO:root:active threads: 115
INFO:root:task 149 will sleep for 0.720 seconds...
INFO:root:end task 130
INFO:root:start task 285
INFO:root:active threads: 114
INFO:root:task 285 will sleep for 0.160 seconds...
INFO:root:end task 280
INFO:root:end task 131
INFO:root:start task 286
INFO:root:start task 287
INFO:root:active threads: 112
INFO:root:active threads: 112
INFO:root:task 286 will sleep for 0.294 seconds...
INFO:root:task 287 will sleep for 0.921 seconds...
INFO:root:end task 283
INFO:root:start task 288
INFO:root:active threads: 111
INFO:root:task 288 will sleep for 0.640 seconds...
INFO:root:end task 275
INFO:root:start task 289
INFO:root:active threads: 110
INFO:root:task 289 will sleep for 0.715 seconds...
INFO:root:end task 214
INFO:root:start task 255
INFO:root:active threads: 109
INFO:root:task 255 will sleep for 0.203 seconds...
INFO:root:end task 226
INFO:root:start task 290
INFO:root:active threads: 108
INFO:root:task 290 will sleep for 0.539 seconds...
INFO:root:end task 199
INFO:root:start task 291
INFO:root:active threads: 107
INFO:root:task 291 will sleep for 0.227 seconds...
INFO:root:end task 208
INFO:root:start task 292
INFO:root:active threads: 106
INFO:root:task 292 will sleep for 0.138 seconds...
INFO:root:end task 184
INFO:root:start task 293
INFO:root:active threads: 105
INFO:root:task 293 will sleep for 0.543 seconds...
INFO:root:end task 101
INFO:root:start task 294
INFO:root:active threads: 104
INFO:root:end task 273
INFO:root:end task 155
INFO:root:task 294 will sleep for 0.556 seconds...
INFO:root:start task 295
INFO:root:start task 296
INFO:root:active threads: 102
INFO:root:active threads: 102
INFO:root:task 295 will sleep for 0.284 seconds...
INFO:root:task 296 will sleep for 0.948 seconds...
INFO:root:end task 168
INFO:root:start task 186
INFO:root:active threads: 101
INFO:root:end task 262
INFO:root:task 186 will sleep for 0.730 seconds...
INFO:root:start task 266
INFO:root:active threads: 100
INFO:root:task 266 will sleep for 0.096 seconds...
INFO:root:end task 218
INFO:root:end task 237
INFO:root:end task 170
INFO:root:end task 188
INFO:root:end task 174
INFO:root:end task 183
INFO:root:end task 202
INFO:root:end task 256
INFO:root:end task 152
INFO:root:end task 216
INFO:root:end task 240
INFO:root:end task 135
INFO:root:end task 164
INFO:root:end task 160
INFO:root:end task 285
INFO:root:end task 260
INFO:root:end task 162
INFO:root:end task 266
INFO:root:end task 292
INFO:root:end task 207
INFO:root:end task 137
INFO:root:end task 141
INFO:root:end task 250
INFO:root:end task 259
INFO:root:end task 252
INFO:root:end task 255
INFO:root:end task 224
INFO:root:end task 176
INFO:root:end task 198
INFO:root:end task 253
INFO:root:end task 163
INFO:root:end task 153
INFO:root:end task 187
INFO:root:end task 272
INFO:root:end task 291
INFO:root:end task 159
INFO:root:end task 166
INFO:root:end task 128
INFO:root:end task 197
INFO:root:end task 286
INFO:root:end task 270
INFO:root:end task 205
INFO:root:end task 148
INFO:root:end task 129
INFO:root:end task 140
INFO:root:end task 257
INFO:root:end task 284
INFO:root:end task 171
INFO:root:end task 295
INFO:root:end task 185
INFO:root:end task 223
INFO:root:end task 143
INFO:root:end task 175
INFO:root:end task 248
INFO:root:end task 179
INFO:root:end task 210
INFO:root:end task 134
INFO:root:end task 267
INFO:root:end task 258
INFO:root:end task 190
INFO:root:end task 196
INFO:root:end task 281
INFO:root:end task 265
INFO:root:end task 154
INFO:root:end task 157
INFO:root:end task 219
INFO:root:end task 238
INFO:root:end task 241
INFO:root:end task 178
INFO:root:end task 233
INFO:root:end task 290
INFO:root:end task 243
INFO:root:end task 293
INFO:root:end task 294
INFO:root:end task 161
INFO:root:end task 264
INFO:root:end task 234
INFO:root:end task 277
INFO:root:end task 271
INFO:root:end task 288
INFO:root:end task 228
INFO:root:end task 149
INFO:root:end task 136
INFO:root:end task 276
INFO:root:end task 289
INFO:root:end task 201
INFO:root:end task 249
INFO:root:end task 247
INFO:root:end task 268
INFO:root:end task 186
INFO:root:end task 222
INFO:root:end task 274
INFO:root:end task 279
INFO:root:end task 172
INFO:root:end task 278
INFO:root:end task 263
INFO:root:end task 269
INFO:root:end task 287
INFO:root:end task 282
INFO:root:end task 296
